0 info it worked if it ends with ok
1 verbose cli [ '/home/shawn/.nvm/versions/node/v6.2.2/bin/node',
1 verbose cli   '/home/shawn/.nvm/versions/node/v6.2.2/bin/npm',
1 verbose cli   'run',
1 verbose cli   'test' ]
2 info using npm@3.9.5
3 info using node@v6.2.2
4 verbose run-script [ 'pretest', 'test', 'posttest' ]
5 info lifecycle listandnotes@1.0.0~pretest: listandnotes@1.0.0
6 silly lifecycle listandnotes@1.0.0~pretest: no script for pretest, continuing
7 info lifecycle listandnotes@1.0.0~test: listandnotes@1.0.0
8 verbose lifecycle listandnotes@1.0.0~test: unsafe-perm in lifecycle true
9 verbose lifecycle listandnotes@1.0.0~test: PATH: /home/shawn/.nvm/versions/node/v6.2.2/lib/node_modules/npm/bin/node-gyp-bin:/home/shawn/git/ListAndNotes/node_modules/.bin:/home/shawn/.nvm/versions/node/v6.2.2/bin:/home/shawn/.nvm/versions/node/v6.2.2/bin:/home/shawn/.local/bin:/home/shawn/.local/bin:/usr/local/sbin:/usr/local/bin:/usr/sbin:/usr/bin:/sbin:/bin:/usr/games:/usr/local/games:/snap/bin:/snap/bin
10 verbose lifecycle listandnotes@1.0.0~test: CWD: /home/shawn/git/ListAndNotes
11 silly lifecycle listandnotes@1.0.0~test: Args: [ '-c', 'npm run testsuite && npm run linter' ]
12 silly lifecycle listandnotes@1.0.0~test: Returned: code: 1  signal: null
13 info lifecycle listandnotes@1.0.0~test: Failed to exec test script
14 verbose stack Error: listandnotes@1.0.0 test: `npm run testsuite && npm run linter`
14 verbose stack Exit status 1
14 verbose stack     at EventEmitter.<anonymous> (/home/shawn/.nvm/versions/node/v6.2.2/lib/node_modules/npm/lib/utils/lifecycle.js:245:16)
14 verbose stack     at emitTwo (events.js:106:13)
14 verbose stack     at EventEmitter.emit (events.js:191:7)
14 verbose stack     at ChildProcess.<anonymous> (/home/shawn/.nvm/versions/node/v6.2.2/lib/node_modules/npm/lib/utils/spawn.js:24:14)
14 verbose stack     at emitTwo (events.js:106:13)
14 verbose stack     at ChildProcess.emit (events.js:191:7)
14 verbose stack     at maybeClose (internal/child_process.js:852:16)
14 verbose stack     at Process.ChildProcess._handle.onexit (internal/child_process.js:215:5)
15 verbose pkgid listandnotes@1.0.0
16 verbose cwd /home/shawn/git/ListAndNotes/client
17 error Linux 4.4.0-24-generic
18 error argv "/home/shawn/.nvm/versions/node/v6.2.2/bin/node" "/home/shawn/.nvm/versions/node/v6.2.2/bin/npm" "run" "test"
19 error node v6.2.2
20 error npm  v3.9.5
21 error code ELIFECYCLE
22 error listandnotes@1.0.0 test: `npm run testsuite && npm run linter`
22 error Exit status 1
23 error Failed at the listandnotes@1.0.0 test script 'npm run testsuite && npm run linter'.
23 error Make sure you have the latest version of node.js and npm installed.
23 error If you do, this is most likely a problem with the listandnotes package,
23 error not with npm itself.
23 error Tell the author that this fails on your system:
23 error     npm run testsuite && npm run linter
23 error You can get information on how to open an issue for this project with:
23 error     npm bugs listandnotes
23 error Or if that isn't available, you can get their info via:
23 error     npm owner ls listandnotes
23 error There is likely additional logging output above.
24 verbose exit [ 1, true ]
